<?xml version="1.0" encoding="UTF-8"?>
<testsuite name="com.project.math.controller.MathControllerTest" tests="1" skipped="0" failures="0" errors="0" timestamp="2023-03-29T03:28:23" hostname="XIZHENG" time="0.209">
  <properties/>
  <testcase name="getQthPercentile()" classname="com.project.math.controller.MathControllerTest" time="0.209"/>
  <system-out><![CDATA[04:28:22.825 [Test worker] DEBUG org.springframework.test.context.BootstrapUtils - Instantiating CacheAwareContextLoaderDelegate from class [org.springframework.test.context.cache.DefaultCacheAwareContextLoaderDelegate]
04:28:22.829 [Test worker] DEBUG org.springframework.test.context.BootstrapUtils - Instantiating BootstrapContext using constructor [public org.springframework.test.context.support.DefaultBootstrapContext(java.lang.Class,org.springframework.test.context.CacheAwareContextLoaderDelegate)]
04:28:22.844 [Test worker] DEBUG org.springframework.test.context.BootstrapUtils - Instantiating TestContextBootstrapper for test class [com.project.math.controller.MathControllerTest] from class [org.springframework.boot.test.context.SpringBootTestContextBootstrapper]
04:28:22.848 [Test worker] INFO org.springframework.boot.test.context.SpringBootTestContextBootstrapper - Neither @ContextConfiguration nor @ContextHierarchy found for test class [com.project.math.controller.MathControllerTest], using SpringBootContextLoader
04:28:22.850 [Test worker] DEBUG org.springframework.test.context.support.AbstractContextLoader - Did not detect default resource location for test class [com.project.math.controller.MathControllerTest]: class path resource [com/project/math/controller/MathControllerTest-context.xml] does not exist
04:28:22.850 [Test worker] DEBUG org.springframework.test.context.support.AbstractContextLoader - Did not detect default resource location for test class [com.project.math.controller.MathControllerTest]: class path resource [com/project/math/controller/MathControllerTestContext.groovy] does not exist
04:28:22.850 [Test worker] INFO org.springframework.test.context.support.AbstractContextLoader - Could not detect default resource locations for test class [com.project.math.controller.MathControllerTest]: no resource found for suffixes {-context.xml, Context.groovy}.
04:28:22.850 [Test worker] INFO org.springframework.test.context.support.AnnotationConfigContextLoaderUtils - Could not detect default configuration classes for test class [com.project.math.controller.MathControllerTest]: MathControllerTest does not declare any static, non-private, non-final, nested classes annotated with @Configuration.
04:28:22.868 [Test worker] DEBUG org.springframework.test.context.support.ActiveProfilesUtils - Could not find an 'annotation declaring class' for annotation type [org.springframework.test.context.ActiveProfiles] and class [com.project.math.controller.MathControllerTest]
04:28:22.894 [Test worker] DEBUG org.springframework.context.annotation.ClassPathScanningCandidateComponentProvider - Identified candidate component class: file [E:\OneDrive\study in Ireland\17.找工作\conpanies\Sojern\MathApp\build\classes\java\main\com\project\math\MathApplication.class]
04:28:22.895 [Test worker] INFO org.springframework.boot.test.context.SpringBootTestContextBootstrapper - Found @SpringBootConfiguration com.project.math.MathApplication for test class com.project.math.controller.MathControllerTest
04:28:22.929 [Test worker] DEBUG org.springframework.boot.test.context.SpringBootTestContextBootstrapper - @TestExecutionListeners is not present for class [com.project.math.controller.MathControllerTest]: using defaults.
04:28:22.929 [Test worker] INFO org.springframework.boot.test.context.SpringBootTestContextBootstrapper - Loaded default TestExecutionListener class names from location [META-INF/spring.factories]: [org.springframework.boot.test.autoconfigure.restdocs.RestDocsTestExecutionListener, org.springframework.boot.test.autoconfigure.web.client.MockRestServiceServerResetTestExecutionListener, org.springframework.boot.test.autoconfigure.web.servlet.MockMvcPrintOnlyOnFailureTestExecutionListener, org.springframework.boot.test.autoconfigure.web.servlet.WebDriverTestExecutionListener, org.springframework.boot.test.autoconfigure.webservices.client.MockWebServiceServerTestExecutionListener, org.springframework.boot.test.mock.mockito.MockitoTestExecutionListener, org.springframework.boot.test.mock.mockito.ResetMocksTestExecutionListener, org.springframework.test.context.web.ServletTestExecutionListener, org.springframework.test.context.support.DirtiesContextBeforeModesTestExecutionListener, org.springframework.test.context.event.ApplicationEventsTestExecutionListener, org.springframework.test.context.support.DependencyInjectionTestExecutionListener, org.springframework.test.context.support.DirtiesContextTestExecutionListener, org.springframework.test.context.transaction.TransactionalTestExecutionListener, org.springframework.test.context.jdbc.SqlScriptsTestExecutionListener, org.springframework.test.context.event.EventPublishingTestExecutionListener]
04:28:22.934 [Test worker] DEBUG org.springframework.boot.test.context.SpringBootTestContextBootstrapper - Skipping candidate TestExecutionListener [org.springframework.test.context.transaction.TransactionalTestExecutionListener] due to a missing dependency. Specify custom listener classes or make the default listener classes and their required dependencies available. Offending class: [org/springframework/transaction/interceptor/TransactionAttributeSource]
04:28:22.934 [Test worker] DEBUG org.springframework.boot.test.context.SpringBootTestContextBootstrapper - Skipping candidate TestExecutionListener [org.springframework.test.context.jdbc.SqlScriptsTestExecutionListener] due to a missing dependency. Specify custom listener classes or make the default listener classes and their required dependencies available. Offending class: [org/springframework/transaction/interceptor/TransactionAttribute]
04:28:22.934 [Test worker] INFO org.springframework.boot.test.context.SpringBootTestContextBootstrapper - Using TestExecutionListeners: [org.springframework.test.context.web.ServletTestExecutionListener@41a90fa8, org.springframework.test.context.support.DirtiesContextBeforeModesTestExecutionListener@3d8bbcdc, org.springframework.test.context.event.ApplicationEventsTestExecutionListener@52500920, org.springframework.boot.test.mock.mockito.MockitoTestExecutionListener@117e0fe5, org.springframework.boot.test.autoconfigure.SpringBootDependencyInjectionTestExecutionListener@18a3962d, org.springframework.test.context.support.DirtiesContextTestExecutionListener@78aea4b9, org.springframework.test.context.event.EventPublishingTestExecutionListener@2a65bb85, org.springframework.boot.test.autoconfigure.restdocs.RestDocsTestExecutionListener@4b85880b, org.springframework.boot.test.autoconfigure.web.client.MockRestServiceServerResetTestExecutionListener@4f936da8, org.springframework.boot.test.autoconfigure.web.servlet.MockMvcPrintOnlyOnFailureTestExecutionListener@4215838f, org.springframework.boot.test.autoconfigure.web.servlet.WebDriverTestExecutionListener@452ba1db, org.springframework.boot.test.autoconfigure.webservices.client.MockWebServiceServerTestExecutionListener@2289aca5, org.springframework.boot.test.mock.mockito.ResetMocksTestExecutionListener@76a36b71]
04:28:22.936 [Test worker] DEBUG org.springframework.test.context.support.AbstractDirtiesContextTestExecutionListener - Before test class: context [DefaultTestContext@60d8c0dc testClass = MathControllerTest, testInstance = [null], testMethod = [null], testException = [null], mergedContextConfiguration = [WebMergedContextConfiguration@4204541c testClass = MathControllerTest, locations = '{}', classes = '{class com.project.math.MathApplication}', contextInitializerClasses = '[]', activeProfiles = '{}', propertySourceLocations = '{}', propertySourceProperties = '{org.springframework.boot.test.context.SpringBootTestContextBootstrapper=true}', contextCustomizers = set[org.springframework.boot.test.autoconfigure.actuate.metrics.MetricsExportContextCustomizerFactory$DisableMetricExportContextCustomizer@51acdf2e, org.springframework.boot.test.autoconfigure.properties.PropertyMappingContextCustomizer@4b3fa0b3, org.springframework.boot.test.autoconfigure.web.servlet.WebDriverContextCustomizerFactory$Customizer@78383390, [ImportsContextCustomizer@6a62689d key = [org.springframework.boot.test.autoconfigure.web.servlet.MockMvcAutoConfiguration, org.springframework.boot.test.autoconfigure.web.servlet.MockMvcWebClientAutoConfiguration, org.springframework.boot.test.autoconfigure.web.servlet.MockMvcWebDriverAutoConfiguration, org.springframework.boot.autoconfigure.security.oauth2.client.servlet.OAuth2ClientAutoConfiguration, org.springframework.boot.autoconfigure.security.oauth2.resource.servlet.OAuth2ResourceServerAutoConfiguration, org.springframework.boot.autoconfigure.security.servlet.SecurityAutoConfiguration, org.springframework.boot.autoconfigure.security.servlet.SecurityFilterAutoConfiguration, org.springframework.boot.autoconfigure.security.servlet.UserDetailsServiceAutoConfiguration, org.springframework.boot.test.autoconfigure.web.servlet.MockMvcSecurityConfiguration, org.springframework.boot.test.autoconfigure.web.reactive.WebTestClientAutoConfiguration]], org.springframework.boot.test.context.filter.ExcludeFilterContextCustomizer@b1712f3, org.springframework.boot.test.json.DuplicateJsonObjectContextCustomizerFactory$DuplicateJsonObjectContextCustomizer@28ec166e, org.springframework.boot.test.mock.mockito.MockitoContextCustomizer@0, org.springframework.boot.test.web.client.TestRestTemplateContextCustomizer@4dd02341, org.springframework.boot.test.context.SpringBootTestArgs@1, org.springframework.boot.test.context.SpringBootTestWebEnvironment@33990a0c], resourceBasePath = 'src/main/webapp', contextLoader = 'org.springframework.boot.test.context.SpringBootContextLoader', parent = [null]], attributes = map['org.springframework.test.context.web.ServletTestExecutionListener.activateListener' -> true]], class annotated with @DirtiesContext [false] with mode [null].

  .   ____          _            __ _ _
 /\\ / ___'_ __ _ _(_)_ __  __ _ \ \ \ \
( ( )\___ | '_ | '_| | '_ \/ _` | \ \ \ \
 \\/  ___)| |_)| | | | | || (_| |  ) ) ) )
  '  |____| .__|_| |_|_| |_\__, | / / / /
 =========|_|==============|___/=/_/_/_/
 :: Spring Boot ::                (v2.7.7)

2023-03-29 04:28:23.052  INFO 87176 --- [    Test worker] c.p.math.controller.MathControllerTest   : Starting MathControllerTest using Java 18.0.2 on xizheng with PID 87176 (started by zxy18 in E:\OneDrive\study in Ireland\17.找工作\conpanies\Sojern\MathApp)
2023-03-29 04:28:23.053  INFO 87176 --- [    Test worker] c.p.math.controller.MathControllerTest   : No active profile set, falling back to 1 default profile: "default"
2023-03-29 04:28:23.633  INFO 87176 --- [    Test worker] o.s.b.t.m.w.SpringBootMockServletContext : Initializing Spring TestDispatcherServlet ''
2023-03-29 04:28:23.633  INFO 87176 --- [    Test worker] o.s.t.web.servlet.TestDispatcherServlet  : Initializing Servlet ''
2023-03-29 04:28:23.633  INFO 87176 --- [    Test worker] o.s.t.web.servlet.TestDispatcherServlet  : Completed initialization in 0 ms
2023-03-29 04:28:23.643  INFO 87176 --- [    Test worker] c.p.math.controller.MathControllerTest   : Started MathControllerTest in 0.694 seconds (JVM running for 1.145)

MockHttpServletRequest:
      HTTP Method = GET
      Request URI = /percentile
       Parameters = {numbers=[1,2,3,4,5], quantifier=[0.3]}
          Headers = []
             Body = null
    Session Attrs = {}

Handler:
             Type = com.project.math.controller.MathController
           Method = com.project.math.controller.MathController#getQthPercentile(List, Double)

Async:
    Async started = false
     Async result = null

Resolved Exception:
             Type = null

ModelAndView:
        View name = null
             View = null
            Model = null

FlashMap:
       Attributes = null

MockHttpServletResponse:
           Status = 200
    Error message = null
          Headers = [Content-Type:"application/json"]
     Content type = application/json
             Body = 2.0
    Forwarded URL = null
   Redirected URL = null
          Cookies = []
2.0
]]></system-out>
  <system-err><![CDATA[]]></system-err>
</testsuite>
